2019-04-24 14:11:03,323 Debug: Initializing...
2019-04-24 14:11:03,323 Info: Initializing...
2019-04-24 14:11:03,323 Warning: Initializing...
2019-04-24 14:11:03,323 Error: Initializing...
2019-04-24 14:11:03,323 Critical: Initializing...
2019-04-24 14:11:03,323 get_year_kcores: Function called with parameters year=1998, from_month=1, to_month=12, normalize=True
2019-04-24 14:11:03,323 add_month_to_df: Function called with parameters year=1998, month=1, normalize=True
2019-04-24 14:11:03,323 get_kcores: Function called with parameters year=1998, month=1
2019-04-24 14:11:03,323 get_merged_graph: Function called with parameters year=1998, month=1
2019-04-24 14:11:03,324 get_merged_graph: No info available for bgp. Trying to download
2019-04-24 14:11:03,324 generate_BGP_graph: Function called with parameters year=1998, month=1
2019-04-24 14:11:03,324 generate_BGP_graph: Getting info from: http://data.caida.org/datasets/as-relationships/serial-1/
2019-04-24 14:11:04,701 ['http://data.caida.org/datasets/as-relationships/serial-1/19980101.as-rel.txt.bz2']
2019-04-24 14:11:04,701 generate_BGP_graph: Downloading file from: http://data.caida.org/datasets/as-relationships/serial-1/19980101.as-rel.txt.bz2
2019-04-24 14:11:05,503 generate_BGP_graph: Getting info from: http://data.caida.org/datasets/as-relationships/serial-2/
2019-04-24 14:11:05,954 []
2019-04-24 14:11:05,955 generate_BGP_graph: Removing non connected components of the graph.
2019-04-24 14:11:05,984 generate_BGP_graph: Subgraph component found. Size: 3233
2019-04-24 14:11:05,985 generate_BGP_graph: Removing self loops.
2019-04-24 14:11:06,011 get_merged_graph: graph from ../../data/raw/raw_graphs_bgp/1998100.net successfully added
2019-04-24 14:11:06,112 add_month_to_df: Function called with parameters year=1998, month=2, normalize=True
2019-04-24 14:11:06,112 get_kcores: Function called with parameters year=1998, month=2
2019-04-24 14:11:06,112 get_merged_graph: Function called with parameters year=1998, month=2
2019-04-24 14:11:06,112 get_merged_graph: No info available for bgp. Trying to download
2019-04-24 14:11:06,112 generate_BGP_graph: Function called with parameters year=1998, month=2
2019-04-24 14:11:06,113 generate_BGP_graph: Getting info from: http://data.caida.org/datasets/as-relationships/serial-1/
2019-04-24 14:11:07,029 ['http://data.caida.org/datasets/as-relationships/serial-1/19980201.as-rel.txt.bz2']
2019-04-24 14:11:07,029 generate_BGP_graph: Downloading file from: http://data.caida.org/datasets/as-relationships/serial-1/19980201.as-rel.txt.bz2
2019-04-24 14:11:07,877 generate_BGP_graph: Getting info from: http://data.caida.org/datasets/as-relationships/serial-2/
2019-04-24 14:11:08,318 []
2019-04-24 14:11:08,318 generate_BGP_graph: Removing non connected components of the graph.
2019-04-24 14:11:08,349 generate_BGP_graph: Subgraph component found. Size: 3348
2019-04-24 14:11:08,349 generate_BGP_graph: Removing self loops.
2019-04-24 14:11:08,377 get_merged_graph: graph from ../../data/raw/raw_graphs_bgp/1998200.net successfully added
2019-04-24 14:11:08,543 add_month_to_df: Function called with parameters year=1998, month=3, normalize=True
2019-04-24 14:11:08,544 get_kcores: Function called with parameters year=1998, month=3
2019-04-24 14:11:08,544 get_merged_graph: Function called with parameters year=1998, month=3
2019-04-24 14:11:08,544 get_merged_graph: No info available for bgp. Trying to download
2019-04-24 14:11:08,544 generate_BGP_graph: Function called with parameters year=1998, month=3
2019-04-24 14:11:08,544 generate_BGP_graph: Getting info from: http://data.caida.org/datasets/as-relationships/serial-1/
2019-04-24 14:11:09,425 ['http://data.caida.org/datasets/as-relationships/serial-1/19980301.as-rel.txt.bz2']
2019-04-24 14:11:09,425 generate_BGP_graph: Downloading file from: http://data.caida.org/datasets/as-relationships/serial-1/19980301.as-rel.txt.bz2
2019-04-24 14:11:10,161 generate_BGP_graph: Getting info from: http://data.caida.org/datasets/as-relationships/serial-2/
2019-04-24 14:11:10,565 []
2019-04-24 14:11:10,565 generate_BGP_graph: Removing non connected components of the graph.
2019-04-24 14:11:10,597 generate_BGP_graph: Subgraph component found. Size: 3465
2019-04-24 14:11:10,598 generate_BGP_graph: Removing self loops.
2019-04-24 14:11:10,627 get_merged_graph: graph from ../../data/raw/raw_graphs_bgp/1998300.net successfully added
2019-04-24 14:11:10,799 add_month_to_df: Function called with parameters year=1998, month=4, normalize=True
2019-04-24 14:11:10,800 get_kcores: Function called with parameters year=1998, month=4
2019-04-24 14:11:10,800 get_merged_graph: Function called with parameters year=1998, month=4
2019-04-24 14:11:10,800 get_merged_graph: No info available for bgp. Trying to download
2019-04-24 14:11:10,800 generate_BGP_graph: Function called with parameters year=1998, month=4
2019-04-24 14:11:10,800 generate_BGP_graph: Getting info from: http://data.caida.org/datasets/as-relationships/serial-1/
2019-04-24 14:11:12,333 ['http://data.caida.org/datasets/as-relationships/serial-1/19980401.as-rel.txt.bz2']
2019-04-24 14:11:12,333 generate_BGP_graph: Downloading file from: http://data.caida.org/datasets/as-relationships/serial-1/19980401.as-rel.txt.bz2
2019-04-24 14:11:13,045 generate_BGP_graph: Getting info from: http://data.caida.org/datasets/as-relationships/serial-2/
2019-04-24 14:11:14,145 []
2019-04-24 14:11:14,145 generate_BGP_graph: Removing non connected components of the graph.
2019-04-24 14:11:14,178 generate_BGP_graph: Subgraph component found. Size: 3549
2019-04-24 14:11:14,179 generate_BGP_graph: Removing self loops.
2019-04-24 14:11:14,208 get_merged_graph: graph from ../../data/raw/raw_graphs_bgp/1998400.net successfully added
2019-04-24 14:11:14,405 add_month_to_df: Function called with parameters year=1998, month=5, normalize=True
2019-04-24 14:11:14,405 get_kcores: Function called with parameters year=1998, month=5
2019-04-24 14:11:14,405 get_merged_graph: Function called with parameters year=1998, month=5
2019-04-24 14:11:14,405 get_merged_graph: No info available for bgp. Trying to download
2019-04-24 14:11:14,405 generate_BGP_graph: Function called with parameters year=1998, month=5
2019-04-24 14:11:14,405 generate_BGP_graph: Getting info from: http://data.caida.org/datasets/as-relationships/serial-1/
2019-04-24 14:11:15,713 ['http://data.caida.org/datasets/as-relationships/serial-1/19980501.as-rel.txt.bz2']
2019-04-24 14:11:15,713 generate_BGP_graph: Downloading file from: http://data.caida.org/datasets/as-relationships/serial-1/19980501.as-rel.txt.bz2
2019-04-24 14:11:16,392 generate_BGP_graph: Getting info from: http://data.caida.org/datasets/as-relationships/serial-2/
2019-04-24 14:11:16,838 []
2019-04-24 14:11:16,838 generate_BGP_graph: Removing non connected components of the graph.
2019-04-24 14:11:16,872 generate_BGP_graph: Subgraph component found. Size: 3638
2019-04-24 14:11:16,873 generate_BGP_graph: Removing self loops.
2019-04-24 14:11:16,903 get_merged_graph: graph from ../../data/raw/raw_graphs_bgp/1998500.net successfully added
2019-04-24 14:11:17,117 add_month_to_df: Function called with parameters year=1998, month=6, normalize=True
2019-04-24 14:11:17,117 get_kcores: Function called with parameters year=1998, month=6
2019-04-24 14:11:17,117 get_merged_graph: Function called with parameters year=1998, month=6
2019-04-24 14:11:17,117 get_merged_graph: No info available for bgp. Trying to download
2019-04-24 14:11:17,117 generate_BGP_graph: Function called with parameters year=1998, month=6
2019-04-24 14:11:17,117 generate_BGP_graph: Getting info from: http://data.caida.org/datasets/as-relationships/serial-1/
2019-04-24 14:11:18,464 ['http://data.caida.org/datasets/as-relationships/serial-1/19980601.as-rel.txt.bz2']
2019-04-24 14:11:18,464 generate_BGP_graph: Downloading file from: http://data.caida.org/datasets/as-relationships/serial-1/19980601.as-rel.txt.bz2
2019-04-24 14:11:19,170 generate_BGP_graph: Getting info from: http://data.caida.org/datasets/as-relationships/serial-2/
2019-04-24 14:11:19,606 []
2019-04-24 14:11:19,606 generate_BGP_graph: Removing non connected components of the graph.
2019-04-24 14:11:19,641 generate_BGP_graph: Subgraph component found. Size: 3732
2019-04-24 14:11:19,642 generate_BGP_graph: Removing self loops.
2019-04-24 14:11:19,672 get_merged_graph: graph from ../../data/raw/raw_graphs_bgp/1998600.net successfully added
2019-04-24 14:11:19,895 add_month_to_df: Function called with parameters year=1998, month=7, normalize=True
2019-04-24 14:11:19,895 get_kcores: Function called with parameters year=1998, month=7
2019-04-24 14:11:19,895 get_merged_graph: Function called with parameters year=1998, month=7
2019-04-24 14:11:19,895 get_merged_graph: No info available for bgp. Trying to download
2019-04-24 14:11:19,895 generate_BGP_graph: Function called with parameters year=1998, month=7
2019-04-24 14:11:19,895 generate_BGP_graph: Getting info from: http://data.caida.org/datasets/as-relationships/serial-1/
2019-04-24 14:11:21,143 ['http://data.caida.org/datasets/as-relationships/serial-1/19980701.as-rel.txt.bz2']
2019-04-24 14:11:21,143 generate_BGP_graph: Downloading file from: http://data.caida.org/datasets/as-relationships/serial-1/19980701.as-rel.txt.bz2
2019-04-24 14:11:21,856 generate_BGP_graph: Getting info from: http://data.caida.org/datasets/as-relationships/serial-2/
2019-04-24 14:11:22,291 []
2019-04-24 14:11:22,291 generate_BGP_graph: Removing non connected components of the graph.
2019-04-24 14:11:22,327 generate_BGP_graph: Subgraph component found. Size: 3808
2019-04-24 14:11:22,328 generate_BGP_graph: Removing self loops.
2019-04-24 14:11:22,359 get_merged_graph: graph from ../../data/raw/raw_graphs_bgp/1998700.net successfully added
2019-04-24 14:11:22,590 add_month_to_df: Function called with parameters year=1998, month=8, normalize=True
2019-04-24 14:11:22,590 get_kcores: Function called with parameters year=1998, month=8
2019-04-24 14:11:22,590 get_merged_graph: Function called with parameters year=1998, month=8
2019-04-24 14:11:22,590 get_merged_graph: No info available for bgp. Trying to download
2019-04-24 14:11:22,590 generate_BGP_graph: Function called with parameters year=1998, month=8
2019-04-24 14:11:22,590 generate_BGP_graph: Getting info from: http://data.caida.org/datasets/as-relationships/serial-1/
2019-04-24 14:11:23,878 ['http://data.caida.org/datasets/as-relationships/serial-1/19980801.as-rel.txt.bz2']
2019-04-24 14:11:23,878 generate_BGP_graph: Downloading file from: http://data.caida.org/datasets/as-relationships/serial-1/19980801.as-rel.txt.bz2
2019-04-24 14:11:24,559 generate_BGP_graph: Getting info from: http://data.caida.org/datasets/as-relationships/serial-2/
